<?xml version="1.0" encoding="UTF-8"?>
<!-- Generated by org.testng.reporters.JUnitXMLReporter -->
<testsuite hostname="DESKTOP-05DQ1KT" name="BankingApp" tests="3" failures="0" timestamp="19 Apr 2020 06:01:49 GMT" time="51.116" errors="0">
  <testcase name="login_test" time="8.332" classname="com.NetBanking.TestCases.TC_AddNewCustomer_003"/>
  <testcase name="add_new_customer_test" time="16.41" classname="com.NetBanking.TestCases.TC_AddNewCustomer_003"/>
  <testcase name="validation" time="0.038" classname="com.NetBanking.TestCases.TC_AddNewCustomer_003"/>
</testsuite> <!-- BankingApp -->
