<?xml version="1.0" encoding="UTF-8"?>
<testsuite xmlns:xsi="http://www.w3.org/2001/XMLSchema-instance" xsi:noNamespaceSchemaLocation="https://maven.apache.org/surefire/maven-surefire-plugin/xsd/surefire-test-report.xsd" name="TestSuite" time="48.288" tests="5" errors="0" skipped="0" failures="0">
  <properties>
[...]
</properties>
  <testcase name="logintest" classname="com.NetBanking.TestCases.TC_LoginTest_001" time="2.609"/>
  <testcase name="logout_test" classname="com.NetBanking.TestCases.TC_LoginTest_001" time="3.207"/>
  <testcase name="login_test" classname="com.NetBanking.TestCases.TC_AddNewCustomer_003" time="5.314"/>
  <testcase name="add_new_customer_test" classname="com.NetBanking.TestCases.TC_AddNewCustomer_003" time="13.996"/>
  <testcase name="validation" classname="com.NetBanking.TestCases.TC_AddNewCustomer_003" time="0.057"/>
</testsuite>