<?xml version="1.0" encoding="UTF-8"?>
<testng-results skipped="0" failed="0" ignored="0" total="5" passed="5">
  <reporter-output>
  </reporter-output>
  <suite name="NetBankingV1" duration-ms="54016" started-at="2020-04-19T14:56:46Z" finished-at="2020-04-19T14:57:40Z">
    <groups>
    </groups>
    <test name="BankingApp" duration-ms="54016" started-at="2020-04-19T14:56:46Z" finished-at="2020-04-19T14:57:40Z">
      <class name="com.NetBanking.TestCases.TC_AddNewCustomer_003">
        <test-method status="PASS" signature="Initialization(java.lang.String)[pri:0, instance:com.NetBanking.TestCases.TC_AddNewCustomer_003@5a61f5df]" name="Initialization" is-config="true" duration-ms="13747" started-at="2020-04-19T20:27:07Z" finished-at="2020-04-19T20:27:20Z">
          <params>
            <param index="0">
              <value>
                <![CDATA[chrome]]>
              </value>
            </param>
          </params>
          <reporter-output>
          </reporter-output>
        </test-method> <!-- Initialization -->
        <test-method status="PASS" signature="login_test()[pri:3, instance:com.NetBanking.TestCases.TC_AddNewCustomer_003@5a61f5df]" name="login_test" duration-ms="4792" started-at="2020-04-19T20:27:20Z" finished-at="2020-04-19T20:27:25Z">
          <reporter-output>
          </reporter-output>
        </test-method> <!-- login_test -->
        <test-method status="PASS" signature="add_new_customer_test()[pri:4, instance:com.NetBanking.TestCases.TC_AddNewCustomer_003@5a61f5df]" name="add_new_customer_test" duration-ms="14055" started-at="2020-04-19T20:27:25Z" finished-at="2020-04-19T20:27:39Z">
          <reporter-output>
          </reporter-output>
        </test-method> <!-- add_new_customer_test -->
        <test-method status="PASS" signature="validation()[pri:5, instance:com.NetBanking.TestCases.TC_AddNewCustomer_003@5a61f5df]" name="validation" duration-ms="32" started-at="2020-04-19T20:27:39Z" finished-at="2020-04-19T20:27:39Z">
          <reporter-output>
          </reporter-output>
        </test-method> <!-- validation -->
        <test-method status="PASS" signature="teardown()[pri:0, instance:com.NetBanking.TestCases.TC_AddNewCustomer_003@5a61f5df]" name="teardown" is-config="true" duration-ms="754" started-at="2020-04-19T20:27:39Z" finished-at="2020-04-19T20:27:40Z">
          <reporter-output>
          </reporter-output>
        </test-method> <!-- teardown -->
      </class> <!-- com.NetBanking.TestCases.TC_AddNewCustomer_003 -->
      <class name="com.NetBanking.TestCases.TC_LoginTest_001">
        <test-method status="PASS" signature="Initialization(java.lang.String)[pri:0, instance:com.NetBanking.TestCases.TC_LoginTest_001@36f6e879]" name="Initialization" is-config="true" duration-ms="14753" started-at="2020-04-19T20:26:46Z" finished-at="2020-04-19T20:27:01Z">
          <params>
            <param index="0">
              <value>
                <![CDATA[chrome]]>
              </value>
            </param>
          </params>
          <reporter-output>
          </reporter-output>
        </test-method> <!-- Initialization -->
        <test-method status="PASS" signature="logintest()[pri:1, instance:com.NetBanking.TestCases.TC_LoginTest_001@36f6e879]" name="logintest" duration-ms="1950" started-at="2020-04-19T20:27:01Z" finished-at="2020-04-19T20:27:03Z">
          <reporter-output>
          </reporter-output>
        </test-method> <!-- logintest -->
        <test-method status="PASS" signature="logout_test()[pri:2, instance:com.NetBanking.TestCases.TC_LoginTest_001@36f6e879]" name="logout_test" duration-ms="2543" started-at="2020-04-19T20:27:03Z" finished-at="2020-04-19T20:27:06Z">
          <reporter-output>
          </reporter-output>
        </test-method> <!-- logout_test -->
        <test-method status="PASS" signature="teardown()[pri:0, instance:com.NetBanking.TestCases.TC_LoginTest_001@36f6e879]" name="teardown" is-config="true" duration-ms="1037" started-at="2020-04-19T20:27:06Z" finished-at="2020-04-19T20:27:07Z">
          <reporter-output>
          </reporter-output>
        </test-method> <!-- teardown -->
      </class> <!-- com.NetBanking.TestCases.TC_LoginTest_001 -->
    </test> <!-- BankingApp -->
  </suite> <!-- NetBankingV1 -->
</testng-results>
