<?xml version="1.0" encoding="UTF-8"?>
<testng-results skipped="0" failed="0" ignored="0" total="5" passed="5">
  <reporter-output>
  </reporter-output>
  <suite name="NetBankingV1" duration-ms="46526" started-at="2020-04-21T08:58:38Z" finished-at="2020-04-21T08:59:25Z">
    <groups>
    </groups>
    <test name="BankingApp" duration-ms="46526" started-at="2020-04-21T08:58:38Z" finished-at="2020-04-21T08:59:25Z">
      <class name="com.NetBanking.TestCases.TC_AddNewCustomer_003">
        <test-method status="PASS" signature="Initialization(java.lang.String)[pri:0, instance:com.NetBanking.TestCases.TC_AddNewCustomer_003@5a61f5df]" name="Initialization" is-config="true" duration-ms="8591" started-at="2020-04-21T14:28:55Z" finished-at="2020-04-21T14:29:04Z">
          <params>
            <param index="0">
              <value>
                <![CDATA[chrome]]>
              </value>
            </param>
          </params>
          <reporter-output>
          </reporter-output>
        </test-method> <!-- Initialization -->
        <test-method status="PASS" signature="login_test()[pri:3, instance:com.NetBanking.TestCases.TC_AddNewCustomer_003@5a61f5df]" name="login_test" duration-ms="5314" started-at="2020-04-21T14:29:04Z" finished-at="2020-04-21T14:29:09Z">
          <reporter-output>
          </reporter-output>
        </test-method> <!-- login_test -->
        <test-method status="PASS" signature="add_new_customer_test()[pri:4, instance:com.NetBanking.TestCases.TC_AddNewCustomer_003@5a61f5df]" name="add_new_customer_test" duration-ms="13996" started-at="2020-04-21T14:29:09Z" finished-at="2020-04-21T14:29:23Z">
          <reporter-output>
          </reporter-output>
        </test-method> <!-- add_new_customer_test -->
        <test-method status="PASS" signature="validation()[pri:5, instance:com.NetBanking.TestCases.TC_AddNewCustomer_003@5a61f5df]" name="validation" duration-ms="53" started-at="2020-04-21T14:29:23Z" finished-at="2020-04-21T14:29:23Z">
          <reporter-output>
          </reporter-output>
        </test-method> <!-- validation -->
        <test-method status="PASS" signature="teardown()[pri:0, instance:com.NetBanking.TestCases.TC_AddNewCustomer_003@5a61f5df]" name="teardown" is-config="true" duration-ms="1395" started-at="2020-04-21T14:29:23Z" finished-at="2020-04-21T14:29:25Z">
          <reporter-output>
          </reporter-output>
        </test-method> <!-- teardown -->
      </class> <!-- com.NetBanking.TestCases.TC_AddNewCustomer_003 -->
      <class name="com.NetBanking.TestCases.TC_LoginTest_001">
        <test-method status="PASS" signature="Initialization(java.lang.String)[pri:0, instance:com.NetBanking.TestCases.TC_LoginTest_001@36f6e879]" name="Initialization" is-config="true" duration-ms="10195" started-at="2020-04-21T14:28:39Z" finished-at="2020-04-21T14:28:49Z">
          <params>
            <param index="0">
              <value>
                <![CDATA[chrome]]>
              </value>
            </param>
          </params>
          <reporter-output>
          </reporter-output>
        </test-method> <!-- Initialization -->
        <test-method status="PASS" signature="logintest()[pri:1, instance:com.NetBanking.TestCases.TC_LoginTest_001@36f6e879]" name="logintest" duration-ms="2596" started-at="2020-04-21T14:28:49Z" finished-at="2020-04-21T14:28:51Z">
          <reporter-output>
          </reporter-output>
        </test-method> <!-- logintest -->
        <test-method status="PASS" signature="logout_test()[pri:2, instance:com.NetBanking.TestCases.TC_LoginTest_001@36f6e879]" name="logout_test" duration-ms="3211" started-at="2020-04-21T14:28:51Z" finished-at="2020-04-21T14:28:55Z">
          <reporter-output>
          </reporter-output>
        </test-method> <!-- logout_test -->
        <test-method status="PASS" signature="teardown()[pri:0, instance:com.NetBanking.TestCases.TC_LoginTest_001@36f6e879]" name="teardown" is-config="true" duration-ms="769" started-at="2020-04-21T14:28:55Z" finished-at="2020-04-21T14:28:55Z">
          <reporter-output>
          </reporter-output>
        </test-method> <!-- teardown -->
      </class> <!-- com.NetBanking.TestCases.TC_LoginTest_001 -->
    </test> <!-- BankingApp -->
  </suite> <!-- NetBankingV1 -->
</testng-results>
