<?xml version="1.0" encoding="UTF-8"?>
<!-- Generated by org.testng.reporters.JUnitXMLReporter -->
<testsuite hostname="DESKTOP-05DQ1KT" ignored="0" name="BankingApp" tests="5" failures="0" timestamp="21 Apr 2020 06:46:47 GMT" time="62.172" errors="0">
  <testcase name="logintest" time="3.731" classname="com.NetBanking.TestCases.TC_LoginTest_001"/>
  <testcase name="logout_test" time="2.746" classname="com.NetBanking.TestCases.TC_LoginTest_001"/>
  <testcase name="login_test" time="5.634" classname="com.NetBanking.TestCases.TC_AddNewCustomer_003"/>
  <testcase name="add_new_customer_test" time="15.04" classname="com.NetBanking.TestCases.TC_AddNewCustomer_003"/>
  <testcase name="validation" time="0.033" classname="com.NetBanking.TestCases.TC_AddNewCustomer_003"/>
</testsuite> <!-- BankingApp -->
